  TurnoverGame.cpp
C:\Users\Asus\Desktop\coding_files\c++\cpplibraries\SFML-3.0.0\include\SFML\System\Exception.hpp(41,47): warning C4275: non dll-interface class 'std::runtime_error' used as base for dll-interface class 'sf::Exception'
  (compiling source file 'src/TurnoverGame.cpp')
      C:\Program Files\Microsoft Visual Studio\2022\Community\VC\Tools\MSVC\14.44.35207\include\stdexcept(100,30):
      see declaration of 'std::runtime_error'
      C:\Users\Asus\Desktop\coding_files\c++\cpplibraries\SFML-3.0.0\include\SFML\System\Exception.hpp(41,23):
      see declaration of 'sf::Exception'
  
C:\Users\Asus\Desktop\personal_projects\Turnover\SampleGamePortfolio\SampleGame\Engine\src\HEngine\Core\GameEngine.h(6,10): warning C4067: unexpected tokens following preprocessor directive - expected a newline
  (compiling source file 'src/TurnoverGame.cpp')
  
C:\Users\Asus\Desktop\personal_projects\Turnover\SampleGamePortfolio\SampleGame\Engine\src\HEngine\Utils\HVector2D.h(10,11): warning C4244: 'initializing': conversion from 'float' to 'int', possible loss of data
  (compiling source file 'src/TurnoverGame.cpp')
  
C:\Users\Asus\Desktop\personal_projects\Turnover\SampleGamePortfolio\SampleGame\Engine\src\HEngine\Utils\HVector2D.h(11,11): warning C4244: 'initializing': conversion from 'float' to 'int', possible loss of data
  (compiling source file 'src/TurnoverGame.cpp')
  
C:\Users\Asus\Desktop\personal_projects\Turnover\SampleGamePortfolio\SampleGame\Engine\src\HEngine\Utils\HVector2D.h(22,47): warning C4244: '*=': conversion from 'float' to 'int', possible loss of data
  (compiling source file 'src/TurnoverGame.cpp')
  
C:\Users\Asus\Desktop\personal_projects\Turnover\SampleGamePortfolio\SampleGame\Engine\src\HEngine\Utils\HVector2D.h(22,60): warning C4244: '*=': conversion from 'float' to 'int', possible loss of data
  (compiling source file 'src/TurnoverGame.cpp')
  
C:\Users\Asus\Desktop\personal_projects\Turnover\SampleGamePortfolio\SampleGame\Engine\src\HEngine\Utils\HVector2D.h(23,47): warning C4244: '/=': conversion from 'float' to 'int', possible loss of data
  (compiling source file 'src/TurnoverGame.cpp')
  
C:\Users\Asus\Desktop\personal_projects\Turnover\SampleGamePortfolio\SampleGame\Engine\src\HEngine\Utils\HVector2D.h(23,60): warning C4244: '/=': conversion from 'float' to 'int', possible loss of data
  (compiling source file 'src/TurnoverGame.cpp')
  
C:\Users\Asus\Desktop\personal_projects\Turnover\SampleGamePortfolio\SampleGame\Engine\src\HEngine\ECS\Component.h(48,39): warning C4244: 'initializing': conversion from 'float' to 'unsigned int', possible loss of data
  (compiling source file 'src/TurnoverGame.cpp')
  
C:\Users\Asus\Desktop\personal_projects\Turnover\SampleGamePortfolio\SampleGame\Engine\src\HEngine.h(10,10): warning C4067: unexpected tokens following preprocessor directive - expected a newline
  (compiling source file 'src/TurnoverGame.cpp')
  
C:\Users\Asus\Desktop\personal_projects\Turnover\SampleGamePortfolio\SampleGame\Engine\src\HEngine\ECS\Systems.h(3,10): warning C4067: unexpected tokens following preprocessor directive - expected a newline
  (compiling source file 'src/TurnoverGame.cpp')
  
  TurnoverGame.vcxproj -> C:\Users\Asus\Desktop\personal_projects\Turnover\SampleGamePortfolio\SampleGame\x64\Debug\TurnoverGame.exe
