c:\users\asus\desktop\personal_projects\turnover\samplegameportfolio\samplegame\turnovergame\x64\debug\vc143.pdb
c:\users\asus\desktop\personal_projects\turnover\samplegameportfolio\samplegame\turnovergame\x64\debug\vc143.idb
c:\users\asus\desktop\personal_projects\turnover\samplegameportfolio\samplegame\turnovergame\x64\debug\turnovergame.obj
c:\users\asus\desktop\personal_projects\turnover\samplegameportfolio\samplegame\turnovergame\x64\debug\menuscene.obj
c:\users\asus\desktop\personal_projects\turnover\samplegameportfolio\samplegame\x64\debug\turnovergame.exe
c:\users\asus\desktop\personal_projects\turnover\samplegameportfolio\samplegame\x64\debug\turnovergame.pdb
c:\users\asus\desktop\personal_projects\turnover\samplegameportfolio\samplegame\turnovergame\x64\debug\turnovergame.ilk
c:\users\asus\desktop\personal_projects\turnover\samplegameportfolio\samplegame\turnovergame\x64\debug\turnovergame.tlog\cl.command.1.tlog
c:\users\asus\desktop\personal_projects\turnover\samplegameportfolio\samplegame\turnovergame\x64\debug\turnovergame.tlog\cl.items.tlog
c:\users\asus\desktop\personal_projects\turnover\samplegameportfolio\samplegame\turnovergame\x64\debug\turnovergame.tlog\cl.read.1.tlog
c:\users\asus\desktop\personal_projects\turnover\samplegameportfolio\samplegame\turnovergame\x64\debug\turnovergame.tlog\cl.write.1.tlog
c:\users\asus\desktop\personal_projects\turnover\samplegameportfolio\samplegame\turnovergame\x64\debug\turnovergame.tlog\link.20564-cvtres.read.1.tlog
c:\users\asus\desktop\personal_projects\turnover\samplegameportfolio\samplegame\turnovergame\x64\debug\turnovergame.tlog\link.20564-cvtres.write.1.tlog
c:\users\asus\desktop\personal_projects\turnover\samplegameportfolio\samplegame\turnovergame\x64\debug\turnovergame.tlog\link.20564-rc.read.1.tlog
c:\users\asus\desktop\personal_projects\turnover\samplegameportfolio\samplegame\turnovergame\x64\debug\turnovergame.tlog\link.20564-rc.write.1.tlog
c:\users\asus\desktop\personal_projects\turnover\samplegameportfolio\samplegame\turnovergame\x64\debug\turnovergame.tlog\link.20564.read.1.tlog
c:\users\asus\desktop\personal_projects\turnover\samplegameportfolio\samplegame\turnovergame\x64\debug\turnovergame.tlog\link.20564.read.2.tlog
c:\users\asus\desktop\personal_projects\turnover\samplegameportfolio\samplegame\turnovergame\x64\debug\turnovergame.tlog\link.20564.write.1.tlog
c:\users\asus\desktop\personal_projects\turnover\samplegameportfolio\samplegame\turnovergame\x64\debug\turnovergame.tlog\link.command.1.tlog
c:\users\asus\desktop\personal_projects\turnover\samplegameportfolio\samplegame\turnovergame\x64\debug\turnovergame.tlog\link.read.1.tlog
c:\users\asus\desktop\personal_projects\turnover\samplegameportfolio\samplegame\turnovergame\x64\debug\turnovergame.tlog\link.secondary.1.tlog
c:\users\asus\desktop\personal_projects\turnover\samplegameportfolio\samplegame\turnovergame\x64\debug\turnovergame.tlog\link.write.1.tlog
