c:\users\asus\desktop\personal_projects\turnover\samplegameportfolio\samplegame\engine\x64\debug\vc143.pdb
c:\users\asus\desktop\personal_projects\turnover\samplegameportfolio\samplegame\engine\x64\debug\vc143.idb
c:\users\asus\desktop\personal_projects\turnover\samplegameportfolio\samplegame\engine\x64\debug\uuid.obj
c:\users\asus\desktop\personal_projects\turnover\samplegameportfolio\samplegame\engine\x64\debug\core.obj
c:\users\asus\desktop\personal_projects\turnover\samplegameportfolio\samplegame\engine\x64\debug\application.obj
c:\users\asus\desktop\personal_projects\turnover\samplegameportfolio\samplegame\engine\x64\debug\htime.obj
c:\users\asus\desktop\personal_projects\turnover\samplegameportfolio\samplegame\engine\x64\debug\gameengine.obj
c:\users\asus\desktop\personal_projects\turnover\samplegameportfolio\samplegame\engine\x64\debug\hvector2d.obj
c:\users\asus\desktop\personal_projects\turnover\samplegameportfolio\samplegame\engine\x64\debug\scene.obj
c:\users\asus\desktop\personal_projects\turnover\samplegameportfolio\samplegame\engine\x64\debug\entitymanager.obj
c:\users\asus\desktop\personal_projects\turnover\samplegameportfolio\samplegame\engine\x64\debug\logger.obj
c:\users\asus\desktop\personal_projects\turnover\samplegameportfolio\samplegame\engine\x64\debug\component.obj
c:\users\asus\desktop\personal_projects\turnover\samplegameportfolio\samplegame\x64\debug\engine.dll
c:\users\asus\desktop\personal_projects\turnover\samplegameportfolio\samplegame\x64\debug\engine.pdb
c:\users\asus\desktop\personal_projects\turnover\samplegameportfolio\samplegame\x64\debug\engine.lib
c:\users\asus\desktop\personal_projects\turnover\samplegameportfolio\samplegame\x64\debug\engine.exp
c:\users\asus\desktop\personal_projects\turnover\samplegameportfolio\samplegame\engine\x64\debug\engine.ilk
c:\users\asus\desktop\personal_projects\turnover\samplegameportfolio\samplegame\engine\x64\debug\engine.tlog\cl.command.1.tlog
c:\users\asus\desktop\personal_projects\turnover\samplegameportfolio\samplegame\engine\x64\debug\engine.tlog\cl.items.tlog
c:\users\asus\desktop\personal_projects\turnover\samplegameportfolio\samplegame\engine\x64\debug\engine.tlog\cl.read.1.tlog
c:\users\asus\desktop\personal_projects\turnover\samplegameportfolio\samplegame\engine\x64\debug\engine.tlog\cl.write.1.tlog
c:\users\asus\desktop\personal_projects\turnover\samplegameportfolio\samplegame\engine\x64\debug\engine.tlog\link-cvtres.read.1.tlog
c:\users\asus\desktop\personal_projects\turnover\samplegameportfolio\samplegame\engine\x64\debug\engine.tlog\link-cvtres.write.1.tlog
c:\users\asus\desktop\personal_projects\turnover\samplegameportfolio\samplegame\engine\x64\debug\engine.tlog\link-rc.read.1.tlog
c:\users\asus\desktop\personal_projects\turnover\samplegameportfolio\samplegame\engine\x64\debug\engine.tlog\link-rc.write.1.tlog
c:\users\asus\desktop\personal_projects\turnover\samplegameportfolio\samplegame\engine\x64\debug\engine.tlog\link.6848-cvtres.read.1.tlog
c:\users\asus\desktop\personal_projects\turnover\samplegameportfolio\samplegame\engine\x64\debug\engine.tlog\link.6848-cvtres.write.1.tlog
c:\users\asus\desktop\personal_projects\turnover\samplegameportfolio\samplegame\engine\x64\debug\engine.tlog\link.6848-rc.read.1.tlog
c:\users\asus\desktop\personal_projects\turnover\samplegameportfolio\samplegame\engine\x64\debug\engine.tlog\link.6848-rc.write.1.tlog
c:\users\asus\desktop\personal_projects\turnover\samplegameportfolio\samplegame\engine\x64\debug\engine.tlog\link.6848.delete.1.tlog
c:\users\asus\desktop\personal_projects\turnover\samplegameportfolio\samplegame\engine\x64\debug\engine.tlog\link.6848.read.1.tlog
c:\users\asus\desktop\personal_projects\turnover\samplegameportfolio\samplegame\engine\x64\debug\engine.tlog\link.6848.read.2.tlog
c:\users\asus\desktop\personal_projects\turnover\samplegameportfolio\samplegame\engine\x64\debug\engine.tlog\link.6848.write.1.tlog
c:\users\asus\desktop\personal_projects\turnover\samplegameportfolio\samplegame\engine\x64\debug\engine.tlog\link.command.1.tlog
c:\users\asus\desktop\personal_projects\turnover\samplegameportfolio\samplegame\engine\x64\debug\engine.tlog\link.read.1.tlog
c:\users\asus\desktop\personal_projects\turnover\samplegameportfolio\samplegame\engine\x64\debug\engine.tlog\link.read.2.tlog
c:\users\asus\desktop\personal_projects\turnover\samplegameportfolio\samplegame\engine\x64\debug\engine.tlog\link.read.3.tlog
c:\users\asus\desktop\personal_projects\turnover\samplegameportfolio\samplegame\engine\x64\debug\engine.tlog\link.secondary.1.tlog
c:\users\asus\desktop\personal_projects\turnover\samplegameportfolio\samplegame\engine\x64\debug\engine.tlog\link.write.1.tlog
