  RenderSystem.cpp
C:\Users\Asus\Desktop\personal_projects\Turnover\SampleGamePortfolio\SampleGame\Engine\src\HEngine\ECS\EntityManager.h(47,53): warning C4251: 'HEngine::EntityManager::m_Entities': 'std::unordered_map<HEngine::UUID,std::unique_ptr<HEngine::Entity,std::default_delete<HEngine::Entity>>,std::hash<HEngine::UUID>,std::equal_to<HEngine::UUID>,std::allocator<std::pair<const HEngine::UUID,std::unique_ptr<HEngine::Entity,std::default_delete<HEngine::Entity>>>>>' needs to have dll-interface to be used by clients of 'HEngine::EntityManager'
  (compiling source file 'src/HEngine/ECS/RenderSystem.cpp')
      C:\Program Files\Microsoft Visual Studio\2022\Community\VC\Tools\MSVC\14.44.35207\include\unordered_map(61,7):
      see declaration of 'std::unordered_map<HEngine::UUID,std::unique_ptr<HEngine::Entity,std::default_delete<HEngine::Entity>>,std::hash<HEngine::UUID>,std::equal_to<HEngine::UUID>,std::allocator<std::pair<const HEngine::UUID,std::unique_ptr<HEngine::Entity,std::default_delete<HEngine::Entity>>>>>'
  
C:\Users\Asus\Desktop\personal_projects\Turnover\SampleGamePortfolio\SampleGame\Engine\src\HEngine\ECS\Scene.h(23,20): error C2143: syntax error: missing ';' before '&'
  (compiling source file 'src/HEngine/ECS/RenderSystem.cpp')
  
C:\Users\Asus\Desktop\personal_projects\Turnover\SampleGamePortfolio\SampleGame\Engine\src\HEngine\ECS\Scene.h(23,3): error C4430: missing type specifier - int assumed. Note: C++ does not support default-int
  (compiling source file 'src/HEngine/ECS/RenderSystem.cpp')
  
C:\Users\Asus\Desktop\personal_projects\Turnover\SampleGamePortfolio\SampleGame\Engine\src\HEngine\ECS\Scene.h(23,44): error C2238: unexpected token(s) preceding ';'
  (compiling source file 'src/HEngine/ECS/RenderSystem.cpp')
  
C:\Users\Asus\Desktop\personal_projects\Turnover\SampleGamePortfolio\SampleGame\Engine\src\HEngine\ECS\Scene.h(30,21): error C3646: 'm_ComponentRegistry': unknown override specifier
  (compiling source file 'src/HEngine/ECS/RenderSystem.cpp')
  
C:\Users\Asus\Desktop\personal_projects\Turnover\SampleGamePortfolio\SampleGame\Engine\src\HEngine\ECS\Scene.h(30,3): error C4430: missing type specifier - int assumed. Note: C++ does not support default-int
  (compiling source file 'src/HEngine/ECS/RenderSystem.cpp')
  
C:\Users\Asus\Desktop\personal_projects\Turnover\SampleGamePortfolio\SampleGame\Engine\src\HEngine\ECS\Entity.h(56,21): warning C4251: 'HEngine::Entity::m_Name': 'std::basic_string<char,std::char_traits<char>,std::allocator<char>>' needs to have dll-interface to be used by clients of 'HEngine::Entity'
  (compiling source file 'src/HEngine/ECS/RenderSystem.cpp')
      C:\Program Files\Microsoft Visual Studio\2022\Community\VC\Tools\MSVC\14.44.35207\include\xstring(541,7):
      see declaration of 'std::basic_string<char,std::char_traits<char>,std::allocator<char>>'
  
C:\Users\Asus\Desktop\personal_projects\Turnover\SampleGamePortfolio\SampleGame\Engine\src\HEngine\ECS\Component.h(35,15): warning C4251: 'HEngine::TagComponent::Tag': 'std::basic_string<char,std::char_traits<char>,std::allocator<char>>' needs to have dll-interface to be used by clients of 'HEngine::TagComponent'
  (compiling source file 'src/HEngine/ECS/RenderSystem.cpp')
      C:\Program Files\Microsoft Visual Studio\2022\Community\VC\Tools\MSVC\14.44.35207\include\xstring(541,7):
      see declaration of 'std::basic_string<char,std::char_traits<char>,std::allocator<char>>'
  
C:\Users\Asus\Desktop\personal_projects\Turnover\SampleGamePortfolio\SampleGame\Engine\src\HEngine\ECS\Component.h(58,15): warning C4251: 'HEngine::UIComponent::font_path': 'std::basic_string<char,std::char_traits<char>,std::allocator<char>>' needs to have dll-interface to be used by clients of 'HEngine::UIComponent'
  (compiling source file 'src/HEngine/ECS/RenderSystem.cpp')
      C:\Program Files\Microsoft Visual Studio\2022\Community\VC\Tools\MSVC\14.44.35207\include\xstring(541,7):
      see declaration of 'std::basic_string<char,std::char_traits<char>,std::allocator<char>>'
  
C:\Users\Asus\Desktop\personal_projects\Turnover\SampleGamePortfolio\SampleGame\Engine\src\HEngine\ECS\Component.h(59,15): warning C4251: 'HEngine::UIComponent::text': 'std::basic_string<char,std::char_traits<char>,std::allocator<char>>' needs to have dll-interface to be used by clients of 'HEngine::UIComponent'
  (compiling source file 'src/HEngine/ECS/RenderSystem.cpp')
      C:\Program Files\Microsoft Visual Studio\2022\Community\VC\Tools\MSVC\14.44.35207\include\xstring(541,7):
      see declaration of 'std::basic_string<char,std::char_traits<char>,std::allocator<char>>'
  
C:\Users\Asus\Desktop\personal_projects\Turnover\SampleGamePortfolio\SampleGame\Engine\src\HEngine\ECS\Component.h(73,25): warning C4251: 'HEngine::BoxCollisionComponent::onCollision': 'std::function<void (void)>' needs to have dll-interface to be used by clients of 'HEngine::BoxCollisionComponent'
  (compiling source file 'src/HEngine/ECS/RenderSystem.cpp')
      C:\Program Files\Microsoft Visual Studio\2022\Community\VC\Tools\MSVC\14.44.35207\include\functional(1089,7):
      see declaration of 'std::function<void (void)>'
  
  Scene.cpp
C:\Users\Asus\Desktop\personal_projects\Turnover\SampleGamePortfolio\SampleGame\Engine\src\HEngine\ECS\EntityManager.h(47,53): warning C4251: 'HEngine::EntityManager::m_Entities': 'std::unordered_map<HEngine::UUID,std::unique_ptr<HEngine::Entity,std::default_delete<HEngine::Entity>>,std::hash<HEngine::UUID>,std::equal_to<HEngine::UUID>,std::allocator<std::pair<const HEngine::UUID,std::unique_ptr<HEngine::Entity,std::default_delete<HEngine::Entity>>>>>' needs to have dll-interface to be used by clients of 'HEngine::EntityManager'
  (compiling source file 'src/HEngine/ECS/Scene.cpp')
      C:\Program Files\Microsoft Visual Studio\2022\Community\VC\Tools\MSVC\14.44.35207\include\unordered_map(61,7):
      see declaration of 'std::unordered_map<HEngine::UUID,std::unique_ptr<HEngine::Entity,std::default_delete<HEngine::Entity>>,std::hash<HEngine::UUID>,std::equal_to<HEngine::UUID>,std::allocator<std::pair<const HEngine::UUID,std::unique_ptr<HEngine::Entity,std::default_delete<HEngine::Entity>>>>>'
  
C:\Users\Asus\Desktop\personal_projects\Turnover\SampleGamePortfolio\SampleGame\Engine\src\HEngine\ECS\Entity.h(56,21): warning C4251: 'HEngine::Entity::m_Name': 'std::basic_string<char,std::char_traits<char>,std::allocator<char>>' needs to have dll-interface to be used by clients of 'HEngine::Entity'
  (compiling source file 'src/HEngine/ECS/Scene.cpp')
      C:\Program Files\Microsoft Visual Studio\2022\Community\VC\Tools\MSVC\14.44.35207\include\xstring(541,7):
      see declaration of 'std::basic_string<char,std::char_traits<char>,std::allocator<char>>'
  
C:\Users\Asus\Desktop\personal_projects\Turnover\SampleGamePortfolio\SampleGame\Engine\src\HEngine\ECS\Component.h(35,15): warning C4251: 'HEngine::TagComponent::Tag': 'std::basic_string<char,std::char_traits<char>,std::allocator<char>>' needs to have dll-interface to be used by clients of 'HEngine::TagComponent'
  (compiling source file 'src/HEngine/ECS/Scene.cpp')
      C:\Program Files\Microsoft Visual Studio\2022\Community\VC\Tools\MSVC\14.44.35207\include\xstring(541,7):
      see declaration of 'std::basic_string<char,std::char_traits<char>,std::allocator<char>>'
  
C:\Users\Asus\Desktop\personal_projects\Turnover\SampleGamePortfolio\SampleGame\Engine\src\HEngine\ECS\Component.h(58,15): warning C4251: 'HEngine::UIComponent::font_path': 'std::basic_string<char,std::char_traits<char>,std::allocator<char>>' needs to have dll-interface to be used by clients of 'HEngine::UIComponent'
  (compiling source file 'src/HEngine/ECS/Scene.cpp')
      C:\Program Files\Microsoft Visual Studio\2022\Community\VC\Tools\MSVC\14.44.35207\include\xstring(541,7):
      see declaration of 'std::basic_string<char,std::char_traits<char>,std::allocator<char>>'
  
C:\Users\Asus\Desktop\personal_projects\Turnover\SampleGamePortfolio\SampleGame\Engine\src\HEngine\ECS\Component.h(59,15): warning C4251: 'HEngine::UIComponent::text': 'std::basic_string<char,std::char_traits<char>,std::allocator<char>>' needs to have dll-interface to be used by clients of 'HEngine::UIComponent'
  (compiling source file 'src/HEngine/ECS/Scene.cpp')
      C:\Program Files\Microsoft Visual Studio\2022\Community\VC\Tools\MSVC\14.44.35207\include\xstring(541,7):
      see declaration of 'std::basic_string<char,std::char_traits<char>,std::allocator<char>>'
  
C:\Users\Asus\Desktop\personal_projects\Turnover\SampleGamePortfolio\SampleGame\Engine\src\HEngine\ECS\Component.h(73,25): warning C4251: 'HEngine::BoxCollisionComponent::onCollision': 'std::function<void (void)>' needs to have dll-interface to be used by clients of 'HEngine::BoxCollisionComponent'
  (compiling source file 'src/HEngine/ECS/Scene.cpp')
      C:\Program Files\Microsoft Visual Studio\2022\Community\VC\Tools\MSVC\14.44.35207\include\functional(1089,7):
      see declaration of 'std::function<void (void)>'
  
C:\Users\Asus\Desktop\personal_projects\Turnover\SampleGamePortfolio\SampleGame\Engine\src\HEngine\ECS\Scene.h(30,21): warning C4251: 'HEngine::Scene::m_ComponentRegistry': 'HEngine::ComponentRegistry' needs to have dll-interface to be used by clients of 'HEngine::Scene'
  (compiling source file 'src/HEngine/ECS/Scene.cpp')
      C:\Users\Asus\Desktop\personal_projects\Turnover\SampleGamePortfolio\SampleGame\Engine\src\HEngine\ECS\ComponentRegistry.h(47,8):
      see declaration of 'HEngine::ComponentRegistry'
  
  Core.h
  System.cpp
C:\Users\Asus\Desktop\personal_projects\Turnover\SampleGamePortfolio\SampleGame\Engine\src\HEngine\ECS\EntityManager.h(47,53): warning C4251: 'HEngine::EntityManager::m_Entities': 'std::unordered_map<HEngine::UUID,std::unique_ptr<HEngine::Entity,std::default_delete<HEngine::Entity>>,std::hash<HEngine::UUID>,std::equal_to<HEngine::UUID>,std::allocator<std::pair<const HEngine::UUID,std::unique_ptr<HEngine::Entity,std::default_delete<HEngine::Entity>>>>>' needs to have dll-interface to be used by clients of 'HEngine::EntityManager'
  (compiling source file 'src/HEngine/ECS/System.cpp')
      C:\Program Files\Microsoft Visual Studio\2022\Community\VC\Tools\MSVC\14.44.35207\include\unordered_map(61,7):
      see declaration of 'std::unordered_map<HEngine::UUID,std::unique_ptr<HEngine::Entity,std::default_delete<HEngine::Entity>>,std::hash<HEngine::UUID>,std::equal_to<HEngine::UUID>,std::allocator<std::pair<const HEngine::UUID,std::unique_ptr<HEngine::Entity,std::default_delete<HEngine::Entity>>>>>'
  
C:\Users\Asus\Desktop\personal_projects\Turnover\SampleGamePortfolio\SampleGame\Engine\src\HEngine\ECS\Scene.h(23,20): error C2143: syntax error: missing ';' before '&'
  (compiling source file 'src/HEngine/ECS/System.cpp')
  
C:\Users\Asus\Desktop\personal_projects\Turnover\SampleGamePortfolio\SampleGame\Engine\src\HEngine\ECS\Scene.h(23,3): error C4430: missing type specifier - int assumed. Note: C++ does not support default-int
  (compiling source file 'src/HEngine/ECS/System.cpp')
  
C:\Users\Asus\Desktop\personal_projects\Turnover\SampleGamePortfolio\SampleGame\Engine\src\HEngine\ECS\Scene.h(23,44): error C2238: unexpected token(s) preceding ';'
  (compiling source file 'src/HEngine/ECS/System.cpp')
  
C:\Users\Asus\Desktop\personal_projects\Turnover\SampleGamePortfolio\SampleGame\Engine\src\HEngine\ECS\Scene.h(30,21): error C3646: 'm_ComponentRegistry': unknown override specifier
  (compiling source file 'src/HEngine/ECS/System.cpp')
  
C:\Users\Asus\Desktop\personal_projects\Turnover\SampleGamePortfolio\SampleGame\Engine\src\HEngine\ECS\Scene.h(30,3): error C4430: missing type specifier - int assumed. Note: C++ does not support default-int
  (compiling source file 'src/HEngine/ECS/System.cpp')
  
C:\Users\Asus\Desktop\personal_projects\Turnover\SampleGamePortfolio\SampleGame\Engine\src\HEngine\ECS\Entity.h(56,21): warning C4251: 'HEngine::Entity::m_Name': 'std::basic_string<char,std::char_traits<char>,std::allocator<char>>' needs to have dll-interface to be used by clients of 'HEngine::Entity'
  (compiling source file 'src/HEngine/ECS/System.cpp')
      C:\Program Files\Microsoft Visual Studio\2022\Community\VC\Tools\MSVC\14.44.35207\include\xstring(541,7):
      see declaration of 'std::basic_string<char,std::char_traits<char>,std::allocator<char>>'
  
C:\Users\Asus\Desktop\personal_projects\Turnover\SampleGamePortfolio\SampleGame\Engine\src\HEngine\ECS\Component.h(35,15): warning C4251: 'HEngine::TagComponent::Tag': 'std::basic_string<char,std::char_traits<char>,std::allocator<char>>' needs to have dll-interface to be used by clients of 'HEngine::TagComponent'
  (compiling source file 'src/HEngine/ECS/System.cpp')
      C:\Program Files\Microsoft Visual Studio\2022\Community\VC\Tools\MSVC\14.44.35207\include\xstring(541,7):
      see declaration of 'std::basic_string<char,std::char_traits<char>,std::allocator<char>>'
  
C:\Users\Asus\Desktop\personal_projects\Turnover\SampleGamePortfolio\SampleGame\Engine\src\HEngine\ECS\Component.h(58,15): warning C4251: 'HEngine::UIComponent::font_path': 'std::basic_string<char,std::char_traits<char>,std::allocator<char>>' needs to have dll-interface to be used by clients of 'HEngine::UIComponent'
  (compiling source file 'src/HEngine/ECS/System.cpp')
      C:\Program Files\Microsoft Visual Studio\2022\Community\VC\Tools\MSVC\14.44.35207\include\xstring(541,7):
      see declaration of 'std::basic_string<char,std::char_traits<char>,std::allocator<char>>'
  
C:\Users\Asus\Desktop\personal_projects\Turnover\SampleGamePortfolio\SampleGame\Engine\src\HEngine\ECS\Component.h(59,15): warning C4251: 'HEngine::UIComponent::text': 'std::basic_string<char,std::char_traits<char>,std::allocator<char>>' needs to have dll-interface to be used by clients of 'HEngine::UIComponent'
  (compiling source file 'src/HEngine/ECS/System.cpp')
      C:\Program Files\Microsoft Visual Studio\2022\Community\VC\Tools\MSVC\14.44.35207\include\xstring(541,7):
      see declaration of 'std::basic_string<char,std::char_traits<char>,std::allocator<char>>'
  
C:\Users\Asus\Desktop\personal_projects\Turnover\SampleGamePortfolio\SampleGame\Engine\src\HEngine\ECS\Component.h(73,25): warning C4251: 'HEngine::BoxCollisionComponent::onCollision': 'std::function<void (void)>' needs to have dll-interface to be used by clients of 'HEngine::BoxCollisionComponent'
  (compiling source file 'src/HEngine/ECS/System.cpp')
      C:\Program Files\Microsoft Visual Studio\2022\Community\VC\Tools\MSVC\14.44.35207\include\functional(1089,7):
      see declaration of 'std::function<void (void)>'
  
  Generating Code...
